# JRE version: OpenJDK Runtime Environment Temurin-17.0.5+8 (17.0.5+8) (build 17.0.5+8)
# Java VM: OpenJDK 64-Bit Server VM Temurin-17.0.5+8 (17.0.5+8, mixed mode, emulated-client, tiered, compressed oops, compressed class ptrs, g1 gc, windows-amd64)
GC Precious Log:
 CPUs: 4 total, 4 available
 Memory: 7878M
 Large Page Support: Disabled
 NUMA Support: Disabled
 Compressed Oops: Enabled (32-bit)
 Heap Region Size: 1M
 Heap Min Capacity: 512M
 Heap Initial Capacity: 512M
 Heap Max Capacity: 1970M
 Pre-touch: Disabled
 Parallel Workers: 4
 Concurrent Workers: 1
 Concurrent Refinement Workers: 4
 Periodic GC: Disabled
Heap:
 garbage-first heap   total 524288K, used 86052K [0x0000000084e00000, 0x0000000100000000)
  region size 1024K, 1 young (1024K), 0 survivors (0K)
 Metaspace       used 68167K, committed 68608K, reserved 1114112K
  class space    used 9174K, committed 9344K, reserved 1048576K
GC Heap History (20 events):
Event: 43.619 GC heap before
{Heap before GC invocations=25 (full 0):
 garbage-first heap   total 882688K, used 363520K [0x0000000084e00000, 0x0000000100000000)
  region size 1024K, 55 young (56320K), 54 survivors (55296K)
 Metaspace       used 66195K, committed 66624K, reserved 1114112K
  class space    used 8868K, committed 9088K, reserved 1048576K
}
Event: 43.740 GC heap after
{Heap after GC invocations=26 (full 0):
 garbage-first heap   total 882688K, used 360960K [0x0000000084e00000, 0x0000000100000000)
  region size 1024K, 2 young (2048K), 2 survivors (2048K)
 Metaspace       used 66195K, committed 66624K, reserved 1114112K
  class space    used 8868K, committed 9088K, reserved 1048576K
}
Event: 49.076 GC heap before
{Heap before GC invocations=26 (full 0):
 garbage-first heap   total 882688K, used 682496K [0x0000000084e00000, 0x0000000100000000)
  region size 1024K, 313 young (320512K), 2 survivors (2048K)
 Metaspace       used 67979K, committed 68480K, reserved 1114112K
  class space    used 9139K, committed 9344K, reserved 1048576K
}
Event: 49.125 GC heap after
{Heap after GC invocations=27 (full 0):
 garbage-first heap   total 882688K, used 406528K [0x0000000084e00000, 0x0000000100000000)
  region size 1024K, 40 young (40960K), 40 survivors (40960K)
 Metaspace       used 67979K, committed 68480K, reserved 1114112K
  class space    used 9139K, committed 9344K, reserved 1048576K
}
Event: 50.644 GC heap before
{Heap before GC invocations=27 (full 0):
 garbage-first heap   total 882688K, used 681984K [0x0000000084e00000, 0x0000000100000000)
  region size 1024K, 301 young (308224K), 40 survivors (40960K)
 Metaspace       used 68045K, committed 68480K, reserved 1114112K
  class space    used 9152K, committed 9344K, reserved 1048576K
}
Event: 50.732 GC heap after
{Heap after GC invocations=28 (full 0):
 garbage-first heap   total 882688K, used 449024K [0x0000000084e00000, 0x0000000100000000)
  region size 1024K, 37 young (37888K), 37 survivors (37888K)
 Metaspace       used 68045K, committed 68480K, reserved 1114112K
  class space    used 9152K, committed 9344K, reserved 1048576K
}
Event: 51.158 GC heap before
{Heap before GC invocations=28 (full 0):
 garbage-first heap   total 882688K, used 468480K [0x0000000084e00000, 0x0000000100000000)
  region size 1024K, 57 young (58368K), 37 survivors (37888K)
 Metaspace       used 68064K, committed 68544K, reserved 1114112K
  class space    used 9156K, committed 9344K, reserved 1048576K
}
Event: 51.201 GC heap after
{Heap after GC invocations=29 (full 0):
 garbage-first heap   total 882688K, used 449536K [0x0000000084e00000, 0x0000000100000000)
  region size 1024K, 3 young (3072K), 3 survivors (3072K)
 Metaspace       used 68064K, committed 68544K, reserved 1114112K
  class space    used 9156K, committed 9344K, reserved 1048576K
}
Event: 126.912 GC heap before
{Heap before GC invocations=30 (full 0):
 garbage-first heap   total 882688K, used 345088K [0x0000000084e00000, 0x0000000100000000)
  region size 1024K, 65 young (66560K), 3 survivors (3072K)
 Metaspace       used 68167K, committed 68608K, reserved 1114112K
  class space    used 9174K, committed 9344K, reserved 1048576K
}
Event: 127.394 GC heap after
{Heap after GC invocations=31 (full 1):
 garbage-first heap   total 524288K, used 95763K [0x0000000084e00000, 0x0000000100000000)
  region size 1024K, 0 young (0K), 0 survivors (0K)
 Metaspace       used 68167K, committed 68608K, reserved 1114112K
  class space    used 9174K, committed 9344K, reserved 1048576K
}
Event: 137.641 GC heap before
{Heap before GC invocations=31 (full 1):
 garbage-first heap   total 524288K, used 96787K [0x0000000084e00000, 0x0000000100000000)
  region size 1024K, 2 young (2048K), 0 survivors (0K)
 Metaspace       used 68167K, committed 68608K, reserved 1114112K
  class space    used 9174K, committed 9344K, reserved 1048576K
}
Event: 137.746 GC heap after
{Heap after GC invocations=32 (full 2):
 garbage-first heap   total 524288K, used 86052K [0x0000000084e00000, 0x0000000100000000)
  region size 1024K, 0 young (0K), 0 survivors (0K)
 Metaspace       used 68167K, committed 68608K, reserved 1114112K
  class space    used 9174K, committed 9344K, reserved 1048576K
}
Event: 148.292 GC heap before
{Heap before GC invocations=32 (full 2):
 garbage-first heap   total 524288K, used 86052K [0x0000000084e00000, 0x0000000100000000)
  region size 1024K, 1 young (1024K), 0 survivors (0K)
 Metaspace       used 68167K, committed 68608K, reserved 1114112K
  class space    used 9174K, committed 9344K, reserved 1048576K
}
Event: 148.381 GC heap after
{Heap after GC invocations=33 (full 3):
 garbage-first heap   total 524288K, used 86052K [0x0000000084e00000, 0x0000000100000000)
  region size 1024K, 0 young (0K), 0 survivors (0K)
 Metaspace       used 68167K, committed 68608K, reserved 1114112K
  class space    used 9174K, committed 9344K, reserved 1048576K
}
Event: 158.735 GC heap before
{Heap before GC invocations=33 (full 3):
 garbage-first heap   total 524288K, used 86052K [0x0000000084e00000, 0x0000000100000000)
  region size 1024K, 1 young (1024K), 0 survivors (0K)
 Metaspace       used 68167K, committed 68608K, reserved 1114112K
  class space    used 9174K, committed 9344K, reserved 1048576K
}
Event: 158.845 GC heap after
{Heap after GC invocations=34 (full 4):
 garbage-first heap   total 524288K, used 86052K [0x0000000084e00000, 0x0000000100000000)
  region size 1024K, 0 young (0K), 0 survivors (0K)
 Metaspace       used 68167K, committed 68608K, reserved 1114112K
  class space    used 9174K, committed 9344K, reserved 1048576K
}
Event: 169.344 GC heap before
{Heap before GC invocations=34 (full 4):
 garbage-first heap   total 524288K, used 86052K [0x0000000084e00000, 0x0000000100000000)
  region size 1024K, 1 young (1024K), 0 survivors (0K)
 Metaspace       used 68167K, committed 68608K, reserved 1114112K
  class space    used 9174K, committed 9344K, reserved 1048576K
}
Event: 169.432 GC heap after
{Heap after GC invocations=35 (full 5):
 garbage-first heap   total 524288K, used 86052K [0x0000000084e00000, 0x0000000100000000)
  region size 1024K, 0 young (0K), 0 survivors (0K)
 Metaspace       used 68167K, committed 68608K, reserved 1114112K
  class space    used 9174K, committed 9344K, reserved 1048576K
}
Event: 183.358 GC heap before
{Heap before GC invocations=35 (full 5):
 garbage-first heap   total 524288K, used 86052K [0x0000000084e00000, 0x0000000100000000)
  region size 1024K, 1 young (1024K), 0 survivors (0K)
 Metaspace       used 68167K, committed 68608K, reserved 1114112K
  class space    used 9174K, committed 9344K, reserved 1048576K
}
Event: 183.449 GC heap after
{Heap after GC invocations=36 (full 6):
 garbage-first heap   total 524288K, used 86052K [0x0000000084e00000, 0x0000000100000000)
  region size 1024K, 0 young (0K), 0 survivors (0K)
 Metaspace       used 68167K, committed 68608K, reserved 1114112K
  class space    used 9174K, committed 9344K, reserved 1048576K
}

